<?xml version="1.0" encoding="utf-8"?><testsuites name="pytest tests"><testsuite name="pytest" errors="0" failures="0" skipped="1" tests="49" time="1.241" timestamp="2026-09-09T14:00:10.327368+02:00" hostname="Nicolass-MacBook-Pro-2.local"><testcase classname="tests.test_behavioral.TestUnreadableAuxiliaryDeclarations" name="test_unreadable_auxiliary_declarations_are_retained_through_installed_wheel" time="0.007" /><testcase classname="tests.test_behavioral.TestSingleDelineation" name="test_delineate_accepts_weight_first_snap_strategy" time="0.002" /><testcase classname="tests.test_behavioral.TestSingleDelineation" name="test_invalid_snap_strategy_raises_value_error" time="0.001" /><testcase classname="tests.test_behavioral.TestSingleDelineation" name="test_delineate_returns_result" time="0.002" /><testcase classname="tests.test_behavioral.TestSingleDelineation" name="test_delineate_input_outlet" time="0.002" /><testcase classname="tests.test_behavioral.TestSingleDelineation" name="test_delineate_resolved_outlet" time="0.002" /><testcase classname="tests.test_behavioral.TestSingleDelineation" name="test_delineate_outside_catchments_raises_resolution_error" time="0.001" /><testcase classname="tests.test_behavioral.TestStagedDelineation" name="test_manual_staged_composition_matches_delineate" time="0.002" /><testcase classname="tests.test_behavioral.TestStagedDelineation" name="test_select_level_defaults_to_finest" time="0.001" /><testcase classname="tests.test_behavioral.TestStagedDelineation" name="test_select_level_rejects_non_level_selection" time="0.001" /><testcase classname="tests.test_behavioral.TestStagedDelineation" name="test_staged_missing_kwargs_use_friendly_errors" time="0.001" /><testcase classname="tests.test_behavioral.TestStagedDelineation" name="test_staged_wrong_intermediate_type_errors" time="0.001" /><testcase classname="tests.test_behavioral.TestStagedDelineation" name="test_staged_out_of_order_call_errors" time="0.001" /><testcase classname="tests.test_behavioral.TestStagedDelineation" name="test_merged_result_is_lean_and_pre_merge_bundle_is_heavy" time="0.002" /><testcase classname="tests.test_behavioral.TestStagedDelineation" name="test_pre_merge_bundle_documents_r3_divergence" time="0.002" /><testcase classname="tests.test_behavioral.TestGeoParquetExports" name="test_basin_and_unit_bundle_exports_have_geo_footer" time="1.076" /><testcase classname="tests.test_behavioral.TestGeoParquetExports" name="test_default_basin_id_allowed_only_for_single_explicit_default" time="0.004" /><testcase classname="tests.test_behavioral.TestGeoParquetExports" name="test_export_method_default_tracks_refine_config" time="0.002" /><testcase classname="tests.test_behavioral.TestCoordinateValidation" name="test_lat_too_high" time="0.001" /><testcase classname="tests.test_behavioral.TestCoordinateValidation" name="test_lat_too_low" time="0.001" /><testcase classname="tests.test_behavioral.TestCoordinateValidation" name="test_lon_too_high" time="0.001" /><testcase classname="tests.test_behavioral.TestCoordinateValidation" name="test_lon_too_low" time="0.001" /><testcase classname="tests.test_behavioral.TestCoordinateValidation" name="test_batch_validates_coords" time="0.001" /><testcase classname="tests.test_behavioral.TestBatchDelineation" name="test_batch_all_succeed" time="0.002" /><testcase classname="tests.test_behavioral.TestBatchDelineation" name="test_batch_raises_typed_exception" time="0.002" /><testcase classname="tests.test_behavioral.TestGeoJSON" name="test_geojson_is_valid_json" time="0.002" /><testcase classname="tests.test_behavioral.TestGeoJSON" name="test_geojson_has_expected_properties" time="0.002" /><testcase classname="tests.test_behavioral.TestRepr" name="test_repr_contains_key_info" time="0.002" /><testcase classname="tests.test_bench_trace" name="test_bench_trace_writes_stage_records_before_process_exit" time="0.032" /><testcase classname="tests.test_data_paths" name="test_gdal_data_bundled_when_present" time="0.000"><skipped type="pytest.skip" message="source install (no bundled gdal_data); test applies to wheels only">/Users/nicolaslazaro/Desktop/work/hfx/.worktrees/pourpoint-effort108/crates/python/tests/test_data_paths.py:16: source install (no bundled gdal_data); test applies to wheels only</skipped></testcase><testcase classname="tests.test_data_paths" name="test_proj_round_trip_succeeds" time="0.011" /><testcase classname="tests.test_phase_d.TestKwargValidation" name="test_delineate_rejects_constructor_kwarg" time="0.002" /><testcase classname="tests.test_phase_d.TestKwargValidation" name="test_delineate_typo_lat" time="0.001" /><testcase classname="tests.test_phase_d.TestKwargValidation" name="test_delineate_unknown_kwarg_close_match" time="0.001" /><testcase classname="tests.test_phase_d.TestKwargValidation" name="test_delineate_unknown_kwarg_no_match" time="0.001" /><testcase classname="tests.test_phase_d.TestKwargValidation" name="test_constructor_rejects_delineate_kwarg" time="0.000" /><testcase classname="tests.test_phase_d.TestKwargValidation" name="test_parquet_cache_max_mb_validation" time="0.000" /><testcase classname="tests.test_phase_d.TestKwargValidation" name="test_parquet_cache_max_mb_upper_bound_validation" time="0.000" /><testcase classname="tests.test_phase_d.TestKwargValidation" name="test_delineate_batch_progress_must_be_callable" time="0.001" /><testcase classname="tests.test_phase_d.TestKwargValidation" name="test_delineate_batch_rejects_per_outlet_kwargs" time="0.001" /><testcase classname="tests.test_phase_d.TestKwargValidation" name="test_set_log_level_accepts_warning_and_critical" time="0.000" /><testcase classname="tests.test_smoke" name="test_import" time="0.000" /><testcase classname="tests.test_smoke" name="test_exceptions_exist" time="0.000" /><testcase classname="tests.test_smoke" name="test_engine_bad_path" time="0.000" /><testcase classname="tests.test_unreadable_auxiliary" name="test_merit_reduction_survives_sixty_unreadable_v1_declarations" time="0.011" /><testcase classname="tests.test_unreadable_auxiliary" name="test_first_unreadable_d8_schema_is_disclosed_in_manifest_order" time="0.002" /><testcase classname="tests.test_unreadable_auxiliary" name="test_empty_auxiliary_reports_no_d8" time="0.002" /><testcase classname="tests.test_unreadable_auxiliary" name="test_non_d8_unreadable_declaration_reports_no_d8" time="0.002" /><testcase classname="tests.test_unreadable_auxiliary" name="test_readable_d8_takes_precedence_over_non_d8_unreadable" time="0.003" /></testsuite></testsuites>